[INFO] [2016-11-17 21:03:13][org.springframework.beans.factory.xml.XmlBeanDefinitionReader]Loading XML bean definitions from class path resource [spring-mybatis.xml]
[INFO] [2016-11-17 21:03:13][org.springframework.context.support.GenericApplicationContext]Refreshing org.springframework.context.support.GenericApplicationContext@787169e6: startup date [Thu Nov 17 21:03:13 CST 2016]; root of context hierarchy
[WARN] [2016-11-17 21:03:13][org.mybatis.spring.mapper.ClassPathMapperScanner]No MyBatis mapper was found in '[com.libaoshen.dao]' package. Please check your configuration.
[INFO] [2016-11-17 21:03:13][org.springframework.beans.factory.config.PropertyPlaceholderConfigurer]Loading properties file from class path resource [jdbc.properties]
[INFO] [2016-11-17 21:03:13][org.springframework.beans.factory.annotation.AutowiredAnnotationBeanPostProcessor]JSR-330 'javax.inject.Inject' annotation found and supported for autowiring
[ERROR] [2016-11-17 21:03:13][org.springframework.test.context.TestContextManager]Caught exception while allowing TestExecutionListener [org.springframework.test.context.support.DependencyInjectionTestExecutionListener@6d0bd379] to prepare test instance [com.libaoshen.hrs.admin.test.AdminTest01@2368e4dd]
java.lang.IllegalStateException: Failed to load ApplicationContext
	at org.springframework.test.context.CacheAwareContextLoaderDelegate.loadContext(CacheAwareContextLoaderDelegate.java:99)
	at org.springframework.test.context.DefaultTestContext.getApplicationContext(DefaultTestContext.java:101)
	at org.springframework.test.context.support.DependencyInjectionTestExecutionListener.injectDependencies(DependencyInjectionTestExecutionListener.java:109)
	at org.springframework.test.context.support.DependencyInjectionTestExecutionListener.prepareTestInstance(DependencyInjectionTestExecutionListener.java:75)
	at org.springframework.test.context.TestContextManager.prepareTestInstance(TestContextManager.java:319)
	at org.springframework.test.context.junit4.SpringJUnit4ClassRunner.createTest(SpringJUnit4ClassRunner.java:212)
	at org.springframework.test.context.junit4.SpringJUnit4ClassRunner$1.runReflectiveCall(SpringJUnit4ClassRunner.java:289)
	at org.junit.internal.runners.model.ReflectiveCallable.run(ReflectiveCallable.java:12)
	at org.springframework.test.context.junit4.SpringJUnit4ClassRunner.methodBlock(SpringJUnit4ClassRunner.java:291)
	at org.springframework.test.context.junit4.SpringJUnit4ClassRunner.runChild(SpringJUnit4ClassRunner.java:232)
	at org.springframework.test.context.junit4.SpringJUnit4ClassRunner.runChild(SpringJUnit4ClassRunner.java:89)
	at org.junit.runners.ParentRunner$3.run(ParentRunner.java:238)
	at org.junit.runners.ParentRunner$1.schedule(ParentRunner.java:63)
	at org.junit.runners.ParentRunner.runChildren(ParentRunner.java:236)
	at org.junit.runners.ParentRunner.access$000(ParentRunner.java:53)
	at org.junit.runners.ParentRunner$2.evaluate(ParentRunner.java:229)
	at org.springframework.test.context.junit4.statements.RunBeforeTestClassCallbacks.evaluate(RunBeforeTestClassCallbacks.java:61)
	at org.springframework.test.context.junit4.statements.RunAfterTestClassCallbacks.evaluate(RunAfterTestClassCallbacks.java:71)
	at org.junit.runners.ParentRunner.run(ParentRunner.java:309)
	at org.springframework.test.context.junit4.SpringJUnit4ClassRunner.run(SpringJUnit4ClassRunner.java:175)
	at org.eclipse.jdt.internal.junit4.runner.JUnit4TestReference.run(JUnit4TestReference.java:86)
	at org.eclipse.jdt.internal.junit.runner.TestExecution.run(TestExecution.java:38)
	at org.eclipse.jdt.internal.junit.runner.RemoteTestRunner.runTests(RemoteTestRunner.java:459)
	at org.eclipse.jdt.internal.junit.runner.RemoteTestRunner.runTests(RemoteTestRunner.java:675)
	at org.eclipse.jdt.internal.junit.runner.RemoteTestRunner.run(RemoteTestRunner.java:382)
	at org.eclipse.jdt.internal.junit.runner.RemoteTestRunner.main(RemoteTestRunner.java:192)
Caused by: org.springframework.beans.factory.BeanCreationException: Error creating bean with name 'adminController': Injection of resource dependencies failed; nested exception is org.springframework.beans.factory.BeanCreationException: Error creating bean with name 'adminService': Injection of resource dependencies failed; nested exception is org.springframework.beans.factory.NoSuchBeanDefinitionException: No qualifying bean of type [com.libaoshen.hrs.dao.AdminMapper] found for dependency: expected at least 1 bean which qualifies as autowire candidate for this dependency. Dependency annotations: {@javax.annotation.Resource(shareable=true, mappedName=, description=, name=, type=class java.lang.Object, authenticationType=CONTAINER, lookup=)}
	at org.springframework.context.annotation.CommonAnnotationBeanPostProcessor.postProcessPropertyValues(CommonAnnotationBeanPostProcessor.java:307)
	at org.springframework.beans.factory.support.AbstractAutowireCapableBeanFactory.populateBean(AbstractAutowireCapableBeanFactory.java:1185)
	at org.springframework.beans.factory.support.AbstractAutowireCapableBeanFactory.doCreateBean(AbstractAutowireCapableBeanFactory.java:537)
	at org.springframework.beans.factory.support.AbstractAutowireCapableBeanFactory.createBean(AbstractAutowireCapableBeanFactory.java:475)
	at org.springframework.beans.factory.support.AbstractBeanFactory$1.getObject(AbstractBeanFactory.java:304)
	at org.springframework.beans.factory.support.DefaultSingletonBeanRegistry.getSingleton(DefaultSingletonBeanRegistry.java:228)
	at org.springframework.beans.factory.support.AbstractBeanFactory.doGetBean(AbstractBeanFactory.java:300)
	at org.springframework.beans.factory.support.AbstractBeanFactory.getBean(AbstractBeanFactory.java:195)
	at org.springframework.beans.factory.support.DefaultListableBeanFactory.preInstantiateSingletons(DefaultListableBeanFactory.java:700)
	at org.springframework.context.support.AbstractApplicationContext.finishBeanFactoryInitialization(AbstractApplicationContext.java:760)
	at org.springframework.context.support.AbstractApplicationContext.refresh(AbstractApplicationContext.java:482)
	at org.springframework.test.context.support.AbstractGenericContextLoader.loadContext(AbstractGenericContextLoader.java:121)
	at org.springframework.test.context.support.AbstractGenericContextLoader.loadContext(AbstractGenericContextLoader.java:60)
	at org.springframework.test.context.support.AbstractDelegatingSmartContextLoader.delegateLoading(AbstractDelegatingSmartContextLoader.java:100)
	at org.springframework.test.context.support.AbstractDelegatingSmartContextLoader.loadContext(AbstractDelegatingSmartContextLoader.java:250)
	at org.springframework.test.context.CacheAwareContextLoaderDelegate.loadContextInternal(CacheAwareContextLoaderDelegate.java:64)
	at org.springframework.test.context.CacheAwareContextLoaderDelegate.loadContext(CacheAwareContextLoaderDelegate.java:91)
	... 25 more
Caused by: org.springframework.beans.factory.BeanCreationException: Error creating bean with name 'adminService': Injection of resource dependencies failed; nested exception is org.springframework.beans.factory.NoSuchBeanDefinitionException: No qualifying bean of type [com.libaoshen.hrs.dao.AdminMapper] found for dependency: expected at least 1 bean which qualifies as autowire candidate for this dependency. Dependency annotations: {@javax.annotation.Resource(shareable=true, mappedName=, description=, name=, type=class java.lang.Object, authenticationType=CONTAINER, lookup=)}
	at org.springframework.context.annotation.CommonAnnotationBeanPostProcessor.postProcessPropertyValues(CommonAnnotationBeanPostProcessor.java:307)
	at org.springframework.beans.factory.support.AbstractAutowireCapableBeanFactory.populateBean(AbstractAutowireCapableBeanFactory.java:1185)
	at org.springframework.beans.factory.support.AbstractAutowireCapableBeanFactory.doCreateBean(AbstractAutowireCapableBeanFactory.java:537)
	at org.springframework.beans.factory.support.AbstractAutowireCapableBeanFactory.createBean(AbstractAutowireCapableBeanFactory.java:475)
	at org.springframework.beans.factory.support.AbstractBeanFactory$1.getObject(AbstractBeanFactory.java:304)
	at org.springframework.beans.factory.support.DefaultSingletonBeanRegistry.getSingleton(DefaultSingletonBeanRegistry.java:228)
	at org.springframework.beans.factory.support.AbstractBeanFactory.doGetBean(AbstractBeanFactory.java:300)
	at org.springframework.beans.factory.support.AbstractBeanFactory.getBean(AbstractBeanFactory.java:200)
	at org.springframework.context.annotation.CommonAnnotationBeanPostProcessor.autowireResource(CommonAnnotationBeanPostProcessor.java:445)
	at org.springframework.context.annotation.CommonAnnotationBeanPostProcessor.getResource(CommonAnnotationBeanPostProcessor.java:419)
	at org.springframework.context.annotation.CommonAnnotationBeanPostProcessor$ResourceElement.getResourceToInject(CommonAnnotationBeanPostProcessor.java:544)
	at org.springframework.beans.factory.annotation.InjectionMetadata$InjectedElement.inject(InjectionMetadata.java:155)
	at org.springframework.beans.factory.annotation.InjectionMetadata.inject(InjectionMetadata.java:87)
	at org.springframework.context.annotation.CommonAnnotationBeanPostProcessor.postProcessPropertyValues(CommonAnnotationBeanPostProcessor.java:304)
	... 41 more
Caused by: org.springframework.beans.factory.NoSuchBeanDefinitionException: No qualifying bean of type [com.libaoshen.hrs.dao.AdminMapper] found for dependency: expected at least 1 bean which qualifies as autowire candidate for this dependency. Dependency annotations: {@javax.annotation.Resource(shareable=true, mappedName=, description=, name=, type=class java.lang.Object, authenticationType=CONTAINER, lookup=)}
	at org.springframework.beans.factory.support.DefaultListableBeanFactory.raiseNoSuchBeanDefinitionException(DefaultListableBeanFactory.java:1100)
	at org.springframework.beans.factory.support.DefaultListableBeanFactory.doResolveDependency(DefaultListableBeanFactory.java:960)
	at org.springframework.beans.factory.support.DefaultListableBeanFactory.resolveDependency(DefaultListableBeanFactory.java:855)
	at org.springframework.context.annotation.CommonAnnotationBeanPostProcessor.autowireResource(CommonAnnotationBeanPostProcessor.java:441)
	at org.springframework.context.annotation.CommonAnnotationBeanPostProcessor.getResource(CommonAnnotationBeanPostProcessor.java:419)
	at org.springframework.context.annotation.CommonAnnotationBeanPostProcessor$ResourceElement.getResourceToInject(CommonAnnotationBeanPostProcessor.java:544)
	at org.springframework.beans.factory.annotation.InjectionMetadata$InjectedElement.inject(InjectionMetadata.java:155)
	at org.springframework.beans.factory.annotation.InjectionMetadata.inject(InjectionMetadata.java:87)
	at org.springframework.context.annotation.CommonAnnotationBeanPostProcessor.postProcessPropertyValues(CommonAnnotationBeanPostProcessor.java:304)
	... 54 more
[INFO] [2016-11-17 21:04:34][org.springframework.beans.factory.xml.XmlBeanDefinitionReader]Loading XML bean definitions from class path resource [spring-mybatis.xml]
[INFO] [2016-11-17 21:04:35][org.springframework.context.support.GenericApplicationContext]Refreshing org.springframework.context.support.GenericApplicationContext@787169e6: startup date [Thu Nov 17 21:04:35 CST 2016]; root of context hierarchy
[INFO] [2016-11-17 21:04:35][org.springframework.beans.factory.config.PropertyPlaceholderConfigurer]Loading properties file from class path resource [jdbc.properties]
[INFO] [2016-11-17 21:04:35][org.springframework.beans.factory.annotation.AutowiredAnnotationBeanPostProcessor]JSR-330 'javax.inject.Inject' annotation found and supported for autowiring
[INFO] [2016-11-17 21:04:36][com.libaoshen.hrs.admin.test.AdminTest01]{"adminid":1,"adminname":"admin","password":"E10ADC3949BA59ABBE56E057F20F883E"}
[INFO] [2016-11-17 21:04:36][org.springframework.context.support.GenericApplicationContext]Closing org.springframework.context.support.GenericApplicationContext@787169e6: startup date [Thu Nov 17 21:04:35 CST 2016]; root of context hierarchy
[INFO] [2016-11-17 21:05:22][org.springframework.beans.factory.xml.XmlBeanDefinitionReader]Loading XML bean definitions from class path resource [spring-mybatis.xml]
[INFO] [2016-11-17 21:05:23][org.springframework.context.support.GenericApplicationContext]Refreshing org.springframework.context.support.GenericApplicationContext@787169e6: startup date [Thu Nov 17 21:05:23 CST 2016]; root of context hierarchy
[INFO] [2016-11-17 21:05:23][org.springframework.beans.factory.config.PropertyPlaceholderConfigurer]Loading properties file from class path resource [jdbc.properties]
[INFO] [2016-11-17 21:05:23][org.springframework.beans.factory.annotation.AutowiredAnnotationBeanPostProcessor]JSR-330 'javax.inject.Inject' annotation found and supported for autowiring
[INFO] [2016-11-17 21:05:24][com.libaoshen.hrs.admin.test.AdminTest01]{"adminid":1,"adminname":"admin","password":"E10ADC3949BA59ABBE56E057F20F883E"}
[INFO] [2016-11-17 21:05:24][org.springframework.context.support.GenericApplicationContext]Closing org.springframework.context.support.GenericApplicationContext@787169e6: startup date [Thu Nov 17 21:05:23 CST 2016]; root of context hierarchy
[INFO] [2016-11-19 18:30:54][org.springframework.beans.factory.xml.XmlBeanDefinitionReader]Loading XML bean definitions from class path resource [spring-mybatis.xml]
[INFO] [2016-11-19 18:30:54][org.springframework.context.support.GenericApplicationContext]Refreshing org.springframework.context.support.GenericApplicationContext@6a8bda08: startup date [Sat Nov 19 18:30:54 CST 2016]; root of context hierarchy
[INFO] [2016-11-19 18:30:55][org.springframework.beans.factory.config.PropertyPlaceholderConfigurer]Loading properties file from class path resource [jdbc.properties]
[INFO] [2016-11-19 18:30:55][org.springframework.beans.factory.annotation.AutowiredAnnotationBeanPostProcessor]JSR-330 'javax.inject.Inject' annotation found and supported for autowiring
[INFO] [2016-11-19 18:30:55][com.libaoshen.hrs.admin.test.AdminTest01]{"adminid":1,"adminname":"admin","password":"E10ADC3949BA59ABBE56E057F20F883E"}
[INFO] [2016-11-19 18:30:55][com.libaoshen.hrs.admin.test.AdminTest01]{"adminid":1,"adminname":"admin","password":"E10ADC3949BA59ABBE56E057F20F883E"}
[INFO] [2016-11-19 18:30:55][org.springframework.context.support.GenericApplicationContext]Closing org.springframework.context.support.GenericApplicationContext@6a8bda08: startup date [Sat Nov 19 18:30:54 CST 2016]; root of context hierarchy
[INFO] [2016-11-20 17:18:49][org.springframework.beans.factory.xml.XmlBeanDefinitionReader]Loading XML bean definitions from class path resource [spring-mybatis.xml]
[INFO] [2016-11-20 17:18:50][org.springframework.context.support.GenericApplicationContext]Refreshing org.springframework.context.support.GenericApplicationContext@3cbd9256: startup date [Sun Nov 20 17:18:50 CST 2016]; root of context hierarchy
[INFO] [2016-11-20 17:18:50][org.springframework.beans.factory.config.PropertyPlaceholderConfigurer]Loading properties file from class path resource [jdbc.properties]
[INFO] [2016-11-20 17:18:50][org.springframework.beans.factory.annotation.AutowiredAnnotationBeanPostProcessor]JSR-330 'javax.inject.Inject' annotation found and supported for autowiring
[INFO] [2016-11-20 17:18:51][org.springframework.context.support.GenericApplicationContext]Closing org.springframework.context.support.GenericApplicationContext@3cbd9256: startup date [Sun Nov 20 17:18:50 CST 2016]; root of context hierarchy
[INFO] [2016-11-20 17:20:45][org.springframework.beans.factory.xml.XmlBeanDefinitionReader]Loading XML bean definitions from class path resource [spring-mybatis.xml]
[INFO] [2016-11-20 17:20:45][org.springframework.context.support.GenericApplicationContext]Refreshing org.springframework.context.support.GenericApplicationContext@298f89c9: startup date [Sun Nov 20 17:20:45 CST 2016]; root of context hierarchy
[INFO] [2016-11-20 17:20:45][org.springframework.beans.factory.config.PropertyPlaceholderConfigurer]Loading properties file from class path resource [jdbc.properties]
[INFO] [2016-11-20 17:20:45][org.springframework.beans.factory.annotation.AutowiredAnnotationBeanPostProcessor]JSR-330 'javax.inject.Inject' annotation found and supported for autowiring
[INFO] [2016-11-20 17:20:46][com.libaoshen.hrs.admin.test.AdminTest01]{"bedtype":"双人床","description":"建筑面积：21-24平方米;楼层：2-6层;床型：单人床1.1米，2张;可加床：RMB 100/床/间夜;最多入住人数：2人","hasbroadband":true,"imginfo":"1.png;2.png","roomid":1,"roomleftnum":20,"roomname":"标准间","roomprice":400,"roomtotalnum":20}
[INFO] [2016-11-20 17:20:46][org.springframework.context.support.GenericApplicationContext]Closing org.springframework.context.support.GenericApplicationContext@298f89c9: startup date [Sun Nov 20 17:20:45 CST 2016]; root of context hierarchy
[INFO] [2016-11-20 17:22:05][org.springframework.beans.factory.xml.XmlBeanDefinitionReader]Loading XML bean definitions from class path resource [spring-mybatis.xml]
[INFO] [2016-11-20 17:22:06][org.springframework.context.support.GenericApplicationContext]Refreshing org.springframework.context.support.GenericApplicationContext@3cde8a82: startup date [Sun Nov 20 17:22:06 CST 2016]; root of context hierarchy
[INFO] [2016-11-20 17:22:06][org.springframework.beans.factory.config.PropertyPlaceholderConfigurer]Loading properties file from class path resource [jdbc.properties]
[INFO] [2016-11-20 17:22:06][org.springframework.beans.factory.annotation.AutowiredAnnotationBeanPostProcessor]JSR-330 'javax.inject.Inject' annotation found and supported for autowiring
[INFO] [2016-11-20 17:22:07][com.libaoshen.hrs.admin.test.AdminTest01]{"bedtype":"双人床","description":"建筑面积：21-24平方米;楼层：2-6层;床型：单人床1.1米，2张;可加床：RMB 100/床/间夜;最多入住人数：2人","hasbroadband":true,"imginfo":"1.png;2.png","roomid":1,"roomleftnum":20,"roomname":"标准间","roomprice":400,"roomtotalnum":20}
[INFO] [2016-11-20 17:22:07][org.springframework.context.support.GenericApplicationContext]Closing org.springframework.context.support.GenericApplicationContext@3cde8a82: startup date [Sun Nov 20 17:22:06 CST 2016]; root of context hierarchy
[INFO] [2016-11-20 17:23:46][org.springframework.beans.factory.xml.XmlBeanDefinitionReader]Loading XML bean definitions from class path resource [spring-mybatis.xml]
[INFO] [2016-11-20 17:23:46][org.springframework.context.support.GenericApplicationContext]Refreshing org.springframework.context.support.GenericApplicationContext@36577c06: startup date [Sun Nov 20 17:23:46 CST 2016]; root of context hierarchy
[INFO] [2016-11-20 17:23:46][org.springframework.beans.factory.config.PropertyPlaceholderConfigurer]Loading properties file from class path resource [jdbc.properties]
[INFO] [2016-11-20 17:23:46][org.springframework.beans.factory.annotation.AutowiredAnnotationBeanPostProcessor]JSR-330 'javax.inject.Inject' annotation found and supported for autowiring
[INFO] [2016-11-20 17:23:47][com.libaoshen.hrs.admin.test.AdminTest01]{"bedtype":"双人床","description":"建筑面积：21-24平方米;楼层：2-6层;床型：单人床1.1米，2张;可加床：RMB 100/床/间夜;最多入住人数：2人","hasbroadband":true,"imginfo":"1.png;2.png","roomid":1,"roomleftnum":20,"roomname":"标准间","roomprice":400,"roomtotalnum":20}
[INFO] [2016-11-20 17:23:47][org.springframework.context.support.GenericApplicationContext]Closing org.springframework.context.support.GenericApplicationContext@36577c06: startup date [Sun Nov 20 17:23:46 CST 2016]; root of context hierarchy
[INFO] [2016-11-20 17:27:18][org.springframework.beans.factory.xml.XmlBeanDefinitionReader]Loading XML bean definitions from class path resource [spring-mybatis.xml]
[INFO] [2016-11-20 17:27:18][org.springframework.context.support.GenericApplicationContext]Refreshing org.springframework.context.support.GenericApplicationContext@3cbd9256: startup date [Sun Nov 20 17:27:18 CST 2016]; root of context hierarchy
[INFO] [2016-11-20 17:27:18][org.springframework.beans.factory.config.PropertyPlaceholderConfigurer]Loading properties file from class path resource [jdbc.properties]
[INFO] [2016-11-20 17:27:18][org.springframework.beans.factory.annotation.AutowiredAnnotationBeanPostProcessor]JSR-330 'javax.inject.Inject' annotation found and supported for autowiring
[INFO] [2016-11-20 17:27:19][com.libaoshen.hrs.admin.test.AdminTest01]{"bedtype":"双人床","description":"建筑面积：21-24平方米;楼层：2-6层;床型：单人床1.1米，2张;可加床：RMB 100/床/间夜;最多入住人数：2人","hasbroadband":true,"imginfo":"1.png;2.png","roomid":1,"roomleftnum":20,"roomname":"标准间","roomprice":400,"roomtotalnum":20}
[INFO] [2016-11-20 17:27:19][org.springframework.context.support.GenericApplicationContext]Closing org.springframework.context.support.GenericApplicationContext@3cbd9256: startup date [Sun Nov 20 17:27:18 CST 2016]; root of context hierarchy
[INFO] [2016-11-20 17:29:12][org.springframework.beans.factory.xml.XmlBeanDefinitionReader]Loading XML bean definitions from class path resource [spring-mybatis.xml]
[INFO] [2016-11-20 17:29:12][org.springframework.context.support.GenericApplicationContext]Refreshing org.springframework.context.support.GenericApplicationContext@5d7f9a29: startup date [Sun Nov 20 17:29:12 CST 2016]; root of context hierarchy
[INFO] [2016-11-20 17:29:12][org.springframework.beans.factory.config.PropertyPlaceholderConfigurer]Loading properties file from class path resource [jdbc.properties]
[INFO] [2016-11-20 17:29:12][org.springframework.beans.factory.annotation.AutowiredAnnotationBeanPostProcessor]JSR-330 'javax.inject.Inject' annotation found and supported for autowiring
[INFO] [2016-11-20 17:29:13][com.libaoshen.hrs.admin.test.AdminTest01]{"bedtype":"双人床","description":"建筑面积：21-24平方米;楼层：2-6层;床型：单人床1.1米，2张;可加床：RMB 100/床/间夜;最多入住人数：2人","hasbroadband":true,"imginfo":"1.png;2.png","roomid":1,"roomleftnum":15,"roomname":"标准间1","roomprice":300,"roomtotalnum":18}
[INFO] [2016-11-20 17:29:13][org.springframework.context.support.GenericApplicationContext]Closing org.springframework.context.support.GenericApplicationContext@5d7f9a29: startup date [Sun Nov 20 17:29:12 CST 2016]; root of context hierarchy
[INFO] [2016-11-20 18:14:50][org.springframework.beans.factory.xml.XmlBeanDefinitionReader]Loading XML bean definitions from class path resource [spring-mybatis.xml]
[INFO] [2016-11-20 18:14:50][org.springframework.context.support.GenericApplicationContext]Refreshing org.springframework.context.support.GenericApplicationContext@22c249c5: startup date [Sun Nov 20 18:14:50 CST 2016]; root of context hierarchy
[INFO] [2016-11-20 18:14:50][org.springframework.beans.factory.config.PropertyPlaceholderConfigurer]Loading properties file from class path resource [jdbc.properties]
[INFO] [2016-11-20 18:14:50][org.springframework.beans.factory.annotation.AutowiredAnnotationBeanPostProcessor]JSR-330 'javax.inject.Inject' annotation found and supported for autowiring
[INFO] [2016-11-20 18:14:51][com.libaoshen.hrs.admin.test.AdminTest01]1
[INFO] [2016-11-20 18:14:51][org.springframework.context.support.GenericApplicationContext]Closing org.springframework.context.support.GenericApplicationContext@22c249c5: startup date [Sun Nov 20 18:14:50 CST 2016]; root of context hierarchy
[INFO] [2016-11-20 18:46:48][org.springframework.beans.factory.xml.XmlBeanDefinitionReader]Loading XML bean definitions from class path resource [spring-mybatis.xml]
[INFO] [2016-11-20 18:46:48][org.springframework.context.support.GenericApplicationContext]Refreshing org.springframework.context.support.GenericApplicationContext@3cbd9256: startup date [Sun Nov 20 18:46:48 CST 2016]; root of context hierarchy
[INFO] [2016-11-20 18:46:49][org.springframework.beans.factory.config.PropertyPlaceholderConfigurer]Loading properties file from class path resource [jdbc.properties]
[INFO] [2016-11-20 18:46:49][org.springframework.beans.factory.annotation.AutowiredAnnotationBeanPostProcessor]JSR-330 'javax.inject.Inject' annotation found and supported for autowiring
[INFO] [2016-11-20 18:46:49][org.springframework.context.support.GenericApplicationContext]Closing org.springframework.context.support.GenericApplicationContext@3cbd9256: startup date [Sun Nov 20 18:46:48 CST 2016]; root of context hierarchy
[INFO] [2016-11-20 19:20:17][org.springframework.beans.factory.xml.XmlBeanDefinitionReader]Loading XML bean definitions from class path resource [spring-mybatis.xml]
[INFO] [2016-11-20 19:20:18][org.springframework.context.support.GenericApplicationContext]Refreshing org.springframework.context.support.GenericApplicationContext@3cbd9256: startup date [Sun Nov 20 19:20:18 CST 2016]; root of context hierarchy
[INFO] [2016-11-20 19:20:18][org.springframework.beans.factory.config.PropertyPlaceholderConfigurer]Loading properties file from class path resource [jdbc.properties]
[INFO] [2016-11-20 19:20:18][org.springframework.beans.factory.annotation.AutowiredAnnotationBeanPostProcessor]JSR-330 'javax.inject.Inject' annotation found and supported for autowiring
[INFO] [2016-11-20 19:20:19][org.springframework.context.support.GenericApplicationContext]Closing org.springframework.context.support.GenericApplicationContext@3cbd9256: startup date [Sun Nov 20 19:20:18 CST 2016]; root of context hierarchy
[INFO] [2016-12-08 20:55:24][org.springframework.beans.factory.xml.XmlBeanDefinitionReader]Loading XML bean definitions from class path resource [spring-mybatis.xml]
[INFO] [2016-12-08 20:55:25][org.springframework.context.support.GenericApplicationContext]Refreshing org.springframework.context.support.GenericApplicationContext@37de41ce: startup date [Thu Dec 08 20:55:25 CST 2016]; root of context hierarchy
[INFO] [2016-12-08 20:55:25][org.springframework.beans.factory.config.PropertyPlaceholderConfigurer]Loading properties file from class path resource [jdbc.properties]
[INFO] [2016-12-08 20:55:25][org.springframework.beans.factory.annotation.AutowiredAnnotationBeanPostProcessor]JSR-330 'javax.inject.Inject' annotation found and supported for autowiring
[INFO] [2016-12-08 20:55:26][com.libaoshen.hrs.admin.test.AdminTest01]{"deadline":1481212800000,"endtime":1481299200000,"orderid":4,"orderip":"127.0.0.1","orderstate":"未支付","ordertime":1481201726000,"registerinfo":"张三,李四,王五","remarks":"谢谢,希望能尽快入住","roomid":3,"roomnum":3,"starttime":1481126400000,"totalprice":1200,"userid":3}
[INFO] [2016-12-08 20:55:26][org.springframework.context.support.GenericApplicationContext]Closing org.springframework.context.support.GenericApplicationContext@37de41ce: startup date [Thu Dec 08 20:55:25 CST 2016]; root of context hierarchy
[INFO] [2016-12-08 20:58:32][org.springframework.beans.factory.xml.XmlBeanDefinitionReader]Loading XML bean definitions from class path resource [spring-mybatis.xml]
[INFO] [2016-12-08 20:58:33][org.springframework.context.support.GenericApplicationContext]Refreshing org.springframework.context.support.GenericApplicationContext@15e6356d: startup date [Thu Dec 08 20:58:33 CST 2016]; root of context hierarchy
[INFO] [2016-12-08 20:58:33][org.springframework.beans.factory.config.PropertyPlaceholderConfigurer]Loading properties file from class path resource [jdbc.properties]
[INFO] [2016-12-08 20:58:33][org.springframework.beans.factory.annotation.AutowiredAnnotationBeanPostProcessor]JSR-330 'javax.inject.Inject' annotation found and supported for autowiring
[INFO] [2016-12-08 20:58:34][org.springframework.context.support.GenericApplicationContext]Closing org.springframework.context.support.GenericApplicationContext@15e6356d: startup date [Thu Dec 08 20:58:33 CST 2016]; root of context hierarchy
[INFO] [2016-12-08 21:00:42][org.springframework.beans.factory.xml.XmlBeanDefinitionReader]Loading XML bean definitions from class path resource [spring-mybatis.xml]
[INFO] [2016-12-08 21:00:42][org.springframework.context.support.GenericApplicationContext]Refreshing org.springframework.context.support.GenericApplicationContext@15e6356d: startup date [Thu Dec 08 21:00:42 CST 2016]; root of context hierarchy
[INFO] [2016-12-08 21:00:43][org.springframework.beans.factory.config.PropertyPlaceholderConfigurer]Loading properties file from class path resource [jdbc.properties]
[INFO] [2016-12-08 21:00:43][org.springframework.beans.factory.annotation.AutowiredAnnotationBeanPostProcessor]JSR-330 'javax.inject.Inject' annotation found and supported for autowiring
[INFO] [2016-12-08 21:00:43][org.springframework.context.support.GenericApplicationContext]Closing org.springframework.context.support.GenericApplicationContext@15e6356d: startup date [Thu Dec 08 21:00:42 CST 2016]; root of context hierarchy
[INFO] [2016-12-08 21:04:29][org.springframework.beans.factory.xml.XmlBeanDefinitionReader]Loading XML bean definitions from class path resource [spring-mybatis.xml]
[INFO] [2016-12-08 21:04:29][org.springframework.context.support.GenericApplicationContext]Refreshing org.springframework.context.support.GenericApplicationContext@15e6356d: startup date [Thu Dec 08 21:04:29 CST 2016]; root of context hierarchy
[INFO] [2016-12-08 21:04:30][org.springframework.beans.factory.config.PropertyPlaceholderConfigurer]Loading properties file from class path resource [jdbc.properties]
[INFO] [2016-12-08 21:04:30][org.springframework.beans.factory.annotation.AutowiredAnnotationBeanPostProcessor]JSR-330 'javax.inject.Inject' annotation found and supported for autowiring
[INFO] [2016-12-08 21:04:31][org.springframework.context.support.GenericApplicationContext]Closing org.springframework.context.support.GenericApplicationContext@15e6356d: startup date [Thu Dec 08 21:04:29 CST 2016]; root of context hierarchy
[INFO] [2016-12-08 21:05:05][org.springframework.beans.factory.xml.XmlBeanDefinitionReader]Loading XML bean definitions from class path resource [spring-mybatis.xml]
[INFO] [2016-12-08 21:05:05][org.springframework.context.support.GenericApplicationContext]Refreshing org.springframework.context.support.GenericApplicationContext@15e6356d: startup date [Thu Dec 08 21:05:05 CST 2016]; root of context hierarchy
[INFO] [2016-12-08 21:05:05][org.springframework.beans.factory.config.PropertyPlaceholderConfigurer]Loading properties file from class path resource [jdbc.properties]
[INFO] [2016-12-08 21:05:05][org.springframework.beans.factory.annotation.AutowiredAnnotationBeanPostProcessor]JSR-330 'javax.inject.Inject' annotation found and supported for autowiring
[INFO] [2016-12-08 21:05:06][com.libaoshen.hrs.admin.test.AdminTest01]{"deadline":1481212800000,"endtime":1481299200000,"orderid":4,"orderip":"127.0.0.1","orderstate":"未支付","ordertime":1481201726000,"registerinfo":"张三,李四,王五","remarks":"谢谢,希望能尽快入住","roomid":3,"roomnum":3,"starttime":1481126400000,"totalprice":1200,"userid":3}
[INFO] [2016-12-08 21:05:06][org.springframework.context.support.GenericApplicationContext]Closing org.springframework.context.support.GenericApplicationContext@15e6356d: startup date [Thu Dec 08 21:05:05 CST 2016]; root of context hierarchy
[INFO] [2016-12-08 21:06:55][org.springframework.beans.factory.xml.XmlBeanDefinitionReader]Loading XML bean definitions from class path resource [spring-mybatis.xml]
[INFO] [2016-12-08 21:06:56][org.springframework.context.support.GenericApplicationContext]Refreshing org.springframework.context.support.GenericApplicationContext@2955220e: startup date [Thu Dec 08 21:06:56 CST 2016]; root of context hierarchy
[INFO] [2016-12-08 21:06:56][org.springframework.beans.factory.config.PropertyPlaceholderConfigurer]Loading properties file from class path resource [jdbc.properties]
[INFO] [2016-12-08 21:06:56][org.springframework.beans.factory.annotation.AutowiredAnnotationBeanPostProcessor]JSR-330 'javax.inject.Inject' annotation found and supported for autowiring
[INFO] [2016-12-08 21:06:57][com.libaoshen.hrs.admin.test.AdminTest01]{"deadline":1481212800000,"endtime":1481299200000,"orderid":4,"orderip":"127.0.0.1","orderstate":"未支付","ordertime":1481201726000,"registerinfo":"张三,李四,王五","remarks":"谢谢,希望能尽快入住","roomid":3,"roomnum":3,"starttime":1481126400000,"totalprice":1200,"userid":3}
[INFO] [2016-12-08 21:06:57][org.springframework.context.support.GenericApplicationContext]Closing org.springframework.context.support.GenericApplicationContext@2955220e: startup date [Thu Dec 08 21:06:56 CST 2016]; root of context hierarchy
[INFO] [2016-12-08 21:08:17][org.springframework.beans.factory.xml.XmlBeanDefinitionReader]Loading XML bean definitions from class path resource [spring-mybatis.xml]
[INFO] [2016-12-08 21:08:17][org.springframework.context.support.GenericApplicationContext]Refreshing org.springframework.context.support.GenericApplicationContext@186b480a: startup date [Thu Dec 08 21:08:17 CST 2016]; root of context hierarchy
[INFO] [2016-12-08 21:08:18][org.springframework.beans.factory.config.PropertyPlaceholderConfigurer]Loading properties file from class path resource [jdbc.properties]
[INFO] [2016-12-08 21:08:18][org.springframework.beans.factory.annotation.AutowiredAnnotationBeanPostProcessor]JSR-330 'javax.inject.Inject' annotation found and supported for autowiring
[INFO] [2016-12-08 21:08:19][com.libaoshen.hrs.admin.test.AdminTest01]{"deadline":1481212800000,"endtime":1481299200000,"orderid":4,"orderip":"127.0.0.1","orderstate":"未支付","ordertime":1481201726000,"registerinfo":"张三,李四,王五","remarks":"谢谢,希望能尽快入住","roomid":3,"roomnum":3,"starttime":1481126400000,"totalprice":1200,"userid":3}
[INFO] [2016-12-08 21:08:19][org.springframework.context.support.GenericApplicationContext]Closing org.springframework.context.support.GenericApplicationContext@186b480a: startup date [Thu Dec 08 21:08:17 CST 2016]; root of context hierarchy
[INFO] [2016-12-08 21:10:59][org.springframework.beans.factory.xml.XmlBeanDefinitionReader]Loading XML bean definitions from class path resource [spring-mybatis.xml]
[INFO] [2016-12-08 21:10:59][org.springframework.context.support.GenericApplicationContext]Refreshing org.springframework.context.support.GenericApplicationContext@18f048dc: startup date [Thu Dec 08 21:10:59 CST 2016]; root of context hierarchy
[INFO] [2016-12-08 21:11:00][org.springframework.beans.factory.config.PropertyPlaceholderConfigurer]Loading properties file from class path resource [jdbc.properties]
[INFO] [2016-12-08 21:11:00][org.springframework.beans.factory.annotation.AutowiredAnnotationBeanPostProcessor]JSR-330 'javax.inject.Inject' annotation found and supported for autowiring
[INFO] [2016-12-08 21:11:01][com.libaoshen.hrs.admin.test.AdminTest01]{"deadline":1481212800000,"endtime":1481299200000,"orderid":4,"orderip":"127.0.0.1","orderstate":"未支付","ordertime":1481201726000,"registerinfo":"张三,李四,王五","remarks":"谢谢,希望能尽快入住","roomid":3,"roomnum":3,"starttime":1481126400000,"totalprice":1200,"userid":3}
[INFO] [2016-12-08 21:11:01][org.springframework.context.support.GenericApplicationContext]Closing org.springframework.context.support.GenericApplicationContext@18f048dc: startup date [Thu Dec 08 21:10:59 CST 2016]; root of context hierarchy
[INFO] [2016-12-08 21:12:03][org.springframework.beans.factory.xml.XmlBeanDefinitionReader]Loading XML bean definitions from class path resource [spring-mybatis.xml]
[INFO] [2016-12-08 21:12:03][org.springframework.context.support.GenericApplicationContext]Refreshing org.springframework.context.support.GenericApplicationContext@2b46950c: startup date [Thu Dec 08 21:12:03 CST 2016]; root of context hierarchy
[INFO] [2016-12-08 21:12:03][org.springframework.beans.factory.config.PropertyPlaceholderConfigurer]Loading properties file from class path resource [jdbc.properties]
[INFO] [2016-12-08 21:12:03][org.springframework.beans.factory.annotation.AutowiredAnnotationBeanPostProcessor]JSR-330 'javax.inject.Inject' annotation found and supported for autowiring
[INFO] [2016-12-08 21:12:04][com.libaoshen.hrs.admin.test.AdminTest01]{"deadline":1481212800000,"endtime":1481299200000,"orderid":4,"orderip":"127.0.0.1","orderstate":"未支付","ordertime":1481201726000,"registerinfo":"张三,李四,王五","remarks":"谢谢,希望能尽快入住","roomid":3,"roomnum":3,"starttime":1481126400000,"totalprice":1200,"userid":3}
[INFO] [2016-12-08 21:12:04][org.springframework.context.support.GenericApplicationContext]Closing org.springframework.context.support.GenericApplicationContext@2b46950c: startup date [Thu Dec 08 21:12:03 CST 2016]; root of context hierarchy
[INFO] [2016-12-08 21:12:44][org.springframework.beans.factory.xml.XmlBeanDefinitionReader]Loading XML bean definitions from class path resource [spring-mybatis.xml]
[INFO] [2016-12-08 21:12:45][org.springframework.context.support.GenericApplicationContext]Refreshing org.springframework.context.support.GenericApplicationContext@2b46950c: startup date [Thu Dec 08 21:12:45 CST 2016]; root of context hierarchy
[INFO] [2016-12-08 21:12:45][org.springframework.beans.factory.config.PropertyPlaceholderConfigurer]Loading properties file from class path resource [jdbc.properties]
[INFO] [2016-12-08 21:12:45][org.springframework.beans.factory.annotation.AutowiredAnnotationBeanPostProcessor]JSR-330 'javax.inject.Inject' annotation found and supported for autowiring
[INFO] [2016-12-08 21:12:46][com.libaoshen.hrs.admin.test.AdminTest01]{"deadline":1481212800000,"endtime":1481299200000,"orderid":4,"orderip":"127.0.0.1","orderstate":"未支付","ordertime":1481201726000,"registerinfo":"张三,李四,王五","remarks":"谢谢","roomid":3,"roomnum":3,"starttime":1481126400000,"totalprice":1200,"userid":3}
[INFO] [2016-12-08 21:12:46][org.springframework.context.support.GenericApplicationContext]Closing org.springframework.context.support.GenericApplicationContext@2b46950c: startup date [Thu Dec 08 21:12:45 CST 2016]; root of context hierarchy
[INFO] [2016-12-08 21:13:25][org.springframework.beans.factory.xml.XmlBeanDefinitionReader]Loading XML bean definitions from class path resource [spring-mybatis.xml]
[INFO] [2016-12-08 21:13:25][org.springframework.context.support.GenericApplicationContext]Refreshing org.springframework.context.support.GenericApplicationContext@2b46950c: startup date [Thu Dec 08 21:13:25 CST 2016]; root of context hierarchy
[INFO] [2016-12-08 21:13:25][org.springframework.beans.factory.config.PropertyPlaceholderConfigurer]Loading properties file from class path resource [jdbc.properties]
[INFO] [2016-12-08 21:13:25][org.springframework.beans.factory.annotation.AutowiredAnnotationBeanPostProcessor]JSR-330 'javax.inject.Inject' annotation found and supported for autowiring
[INFO] [2016-12-08 21:13:26][com.libaoshen.hrs.admin.test.AdminTest01]{"deadline":1481212800000,"endtime":1481299200000,"orderid":4,"orderip":"127.0.0.1","orderstate":"未支付","ordertime":1481201726000,"registerinfo":"张三,李四,王五","remarks":"谢谢","roomid":3,"roomnum":3,"starttime":1481126400000,"totalprice":1200,"userid":3}
[INFO] [2016-12-08 21:13:26][org.springframework.context.support.GenericApplicationContext]Closing org.springframework.context.support.GenericApplicationContext@2b46950c: startup date [Thu Dec 08 21:13:25 CST 2016]; root of context hierarchy
[INFO] [2016-12-08 21:14:09][org.springframework.beans.factory.xml.XmlBeanDefinitionReader]Loading XML bean definitions from class path resource [spring-mybatis.xml]
[INFO] [2016-12-08 21:14:10][org.springframework.context.support.GenericApplicationContext]Refreshing org.springframework.context.support.GenericApplicationContext@2b46950c: startup date [Thu Dec 08 21:14:10 CST 2016]; root of context hierarchy
[INFO] [2016-12-08 21:14:10][org.springframework.beans.factory.config.PropertyPlaceholderConfigurer]Loading properties file from class path resource [jdbc.properties]
[INFO] [2016-12-08 21:14:10][org.springframework.beans.factory.annotation.AutowiredAnnotationBeanPostProcessor]JSR-330 'javax.inject.Inject' annotation found and supported for autowiring
[INFO] [2016-12-08 21:14:11][com.libaoshen.hrs.admin.test.AdminTest01]{"deadline":1481212800000,"endtime":1481299200000,"orderid":4,"orderip":"127.0.0.1","orderstate":"未支付","ordertime":1481201726000,"registerinfo":"张三,李四,王五","remarks":"谢谢","roomid":3,"roomnum":3,"starttime":1481126400000,"totalprice":1200,"userid":3}
[INFO] [2016-12-08 21:14:11][org.springframework.context.support.GenericApplicationContext]Closing org.springframework.context.support.GenericApplicationContext@2b46950c: startup date [Thu Dec 08 21:14:10 CST 2016]; root of context hierarchy
